# JRE version: OpenJDK Runtime Environment (11.0.10) (build 11.0.10+0-b96-7249189)
# Java VM: OpenJDK 64-Bit Server VM (11.0.10+0-b96-7249189, mixed mode, tiered, compressed oops, g1 gc, windows-amd64)
Heap:
 garbage-first heap   total 189440K, used 98940K [0x0000000080000000, 0x0000000100000000)
  region size 1024K, 4 young (4096K), 4 survivors (4096K)
 Metaspace       used 93039K, capacity 95878K, committed 95948K, reserved 1132544K
  class space    used 12010K, capacity 13037K, committed 13056K, reserved 1048576K
GC Heap History (20 events):
Event: 18.569 GC heap after
{Heap after GC invocations=26 (full 0):
 garbage-first heap   total 131072K, used 82287K [0x0000000080000000, 0x0000000100000000)
  region size 1024K, 2 young (2048K), 2 survivors (2048K)
 Metaspace       used 72638K, capacity 74672K, committed 74828K, reserved 1114112K
  class space    used 9447K, capacity 10111K, committed 10112K, reserved 1048576K
}
Event: 18.886 GC heap before
{Heap before GC invocations=26 (full 0):
 garbage-first heap   total 131072K, used 105839K [0x0000000080000000, 0x0000000100000000)
  region size 1024K, 25 young (25600K), 2 survivors (2048K)
 Metaspace       used 73715K, capacity 75741K, committed 75852K, reserved 1114112K
  class space    used 9582K, capacity 10269K, committed 10368K, reserved 1048576K
}
Event: 18.891 GC heap after
{Heap after GC invocations=27 (full 0):
 garbage-first heap   total 131072K, used 83483K [0x0000000080000000, 0x0000000100000000)
  region size 1024K, 3 young (3072K), 3 survivors (3072K)
 Metaspace       used 73715K, capacity 75741K, committed 75852K, reserved 1114112K
  class space    used 9582K, capacity 10269K, committed 10368K, reserved 1048576K
}
Event: 19.419 GC heap before
{Heap before GC invocations=28 (full 0):
 garbage-first heap   total 131072K, used 107035K [0x0000000080000000, 0x0000000100000000)
  region size 1024K, 26 young (26624K), 3 survivors (3072K)
 Metaspace       used 75208K, capacity 77318K, committed 77516K, reserved 1116160K
  class space    used 9795K, capacity 10493K, committed 10496K, reserved 1048576K
}
Event: 19.424 GC heap after
{Heap after GC invocations=29 (full 0):
 garbage-first heap   total 131072K, used 85151K [0x0000000080000000, 0x0000000100000000)
  region size 1024K, 4 young (4096K), 4 survivors (4096K)
 Metaspace       used 75208K, capacity 77318K, committed 77516K, reserved 1116160K
  class space    used 9795K, capacity 10493K, committed 10496K, reserved 1048576K
}
Event: 19.654 GC heap before
{Heap before GC invocations=29 (full 0):
 garbage-first heap   total 131072K, used 107679K [0x0000000080000000, 0x0000000100000000)
  region size 1024K, 26 young (26624K), 4 survivors (4096K)
 Metaspace       used 76484K, capacity 78642K, committed 78796K, reserved 1118208K
  class space    used 9965K, capacity 10699K, committed 10752K, reserved 1048576K
}
Event: 19.660 GC heap after
{Heap after GC invocations=30 (full 0):
 garbage-first heap   total 131072K, used 86897K [0x0000000080000000, 0x0000000100000000)
  region size 1024K, 4 young (4096K), 4 survivors (4096K)
 Metaspace       used 76484K, capacity 78642K, committed 78796K, reserved 1118208K
  class space    used 9965K, capacity 10699K, committed 10752K, reserved 1048576K
}
Event: 20.089 GC heap before
{Heap before GC invocations=31 (full 0):
 garbage-first heap   total 131072K, used 105329K [0x0000000080000000, 0x0000000100000000)
  region size 1024K, 24 young (24576K), 4 survivors (4096K)
 Metaspace       used 78474K, capacity 80756K, committed 80844K, reserved 1120256K
  class space    used 10198K, capacity 10931K, committed 11008K, reserved 1048576K
}
Event: 20.094 GC heap after
{Heap after GC invocations=32 (full 0):
 garbage-first heap   total 131072K, used 88644K [0x0000000080000000, 0x0000000100000000)
  region size 1024K, 4 young (4096K), 4 survivors (4096K)
 Metaspace       used 78474K, capacity 80756K, committed 80844K, reserved 1120256K
  class space    used 10198K, capacity 10931K, committed 11008K, reserved 1048576K
}
Event: 20.550 GC heap before
{Heap before GC invocations=33 (full 0):
 garbage-first heap   total 131072K, used 111172K [0x0000000080000000, 0x0000000100000000)
  region size 1024K, 25 young (25600K), 4 survivors (4096K)
 Metaspace       used 81494K, capacity 83691K, committed 83788K, reserved 1122304K
  class space    used 10565K, capacity 11311K, committed 11392K, reserved 1048576K
}
Event: 20.554 GC heap after
{Heap after GC invocations=34 (full 0):
 garbage-first heap   total 131072K, used 88922K [0x0000000080000000, 0x0000000100000000)
  region size 1024K, 3 young (3072K), 3 survivors (3072K)
 Metaspace       used 81494K, capacity 83691K, committed 83788K, reserved 1122304K
  class space    used 10565K, capacity 11311K, committed 11392K, reserved 1048576K
}
Event: 20.848 GC heap before
{Heap before GC invocations=34 (full 0):
 garbage-first heap   total 131072K, used 111450K [0x0000000080000000, 0x0000000100000000)
  region size 1024K, 25 young (25600K), 3 survivors (3072K)
 Metaspace       used 84427K, capacity 86786K, committed 86988K, reserved 1124352K
  class space    used 10936K, capacity 11712K, committed 11776K, reserved 1048576K
}
Event: 20.854 GC heap after
{Heap after GC invocations=35 (full 0):
 garbage-first heap   total 157696K, used 90345K [0x0000000080000000, 0x0000000100000000)
  region size 1024K, 4 young (4096K), 4 survivors (4096K)
 Metaspace       used 84427K, capacity 86786K, committed 86988K, reserved 1124352K
  class space    used 10936K, capacity 11712K, committed 11776K, reserved 1048576K
}
Event: 22.005 GC heap before
{Heap before GC invocations=36 (full 0):
 garbage-first heap   total 157696K, used 128233K [0x0000000080000000, 0x0000000100000000)
  region size 1024K, 42 young (43008K), 4 survivors (4096K)
 Metaspace       used 86729K, capacity 89235K, committed 89548K, reserved 1126400K
  class space    used 11278K, capacity 12179K, committed 12288K, reserved 1048576K
}
Event: 22.012 GC heap after
{Heap after GC invocations=37 (full 0):
 garbage-first heap   total 157696K, used 92996K [0x0000000080000000, 0x0000000100000000)
  region size 1024K, 5 young (5120K), 5 survivors (5120K)
 Metaspace       used 86729K, capacity 89235K, committed 89548K, reserved 1126400K
  class space    used 11278K, capacity 12179K, committed 12288K, reserved 1048576K
}
Event: 22.736 GC heap before
{Heap before GC invocations=37 (full 0):
 garbage-first heap   total 157696K, used 128836K [0x0000000080000000, 0x0000000100000000)
  region size 1024K, 41 young (41984K), 5 survivors (5120K)
 Metaspace       used 87116K, capacity 89705K, committed 89804K, reserved 1126400K
  class space    used 11296K, capacity 12217K, committed 12288K, reserved 1048576K
}
Event: 22.743 GC heap after
{Heap after GC invocations=38 (full 0):
 garbage-first heap   total 157696K, used 95129K [0x0000000080000000, 0x0000000100000000)
  region size 1024K, 5 young (5120K), 5 survivors (5120K)
 Metaspace       used 87116K, capacity 89705K, committed 89804K, reserved 1126400K
  class space    used 11296K, capacity 12217K, committed 12288K, reserved 1048576K
}
Event: 23.763 GC heap before
{Heap before GC invocations=39 (full 0):
 garbage-first heap   total 157696K, used 130969K [0x0000000080000000, 0x0000000100000000)
  region size 1024K, 41 young (41984K), 5 survivors (5120K)
 Metaspace       used 90798K, capacity 93518K, committed 93644K, reserved 1130496K
  class space    used 11757K, capacity 12678K, committed 12800K, reserved 1048576K
}
Event: 23.770 GC heap after
{Heap after GC invocations=40 (full 0):
 garbage-first heap   total 157696K, used 97117K [0x0000000080000000, 0x0000000100000000)
  region size 1024K, 5 young (5120K), 5 survivors (5120K)
 Metaspace       used 90798K, capacity 93518K, committed 93644K, reserved 1130496K
  class space    used 11757K, capacity 12678K, committed 12800K, reserved 1048576K
}
Event: 24.869 GC heap before
{Heap before GC invocations=40 (full 0):
 garbage-first heap   total 157696K, used 130909K [0x0000000080000000, 0x0000000100000000)
  region size 1024K, 39 young (39936K), 5 survivors (5120K)
 Metaspace       used 93039K, capacity 95878K, committed 95948K, reserved 1132544K
  class space    used 12010K, capacity 13037K, committed 13056K, reserved 1048576K
}

